  Asteroid.cpp
  ChangeReplaySpeedEvent.cpp
  CollisionEvent.cpp
  CreateAsteroidsEvent.cpp
  DeathEventParameter.cpp
  DestroyEvent.cpp
  EnemyComponent.cpp
  EventManagerParameter.cpp
  FriendlyComponent.cpp
  InputEvent.cpp
  IntParameter.cpp
  JumpComponentParameter.cpp
  MovementComponentParameter.cpp
  MovementSystem.cpp
  CollisionsDetector.cpp
  ColorComponent.cpp
  DeathEvent.cpp
  DeathZone.cpp
  DieComponent.cpp
  Event.cpp
  Compiling...
  EventHandler.cpp
  EventManager.cpp
C:\vsdev\dukglue-master\include\dukglue\detail_primitive_types.h(41,1): warning C4244: 'argument': conversion from 'uint64_t' to 'duk_double_t', possible loss of data
C:\vsdev\dukglue-master\include\dukglue\detail_primitive_types.h(41,1): message : This diagnostic occurred in the compiler generated function 'void dukglue::types::DukType<uint64_t>::push(duk_context *,uint64_t)'
C:\vsdev\dukglue-master\include\dukglue\detail_primitive_types.h(46,1): warning C4244: 'argument': conversion from 'int64_t' to 'duk_double_t', possible loss of data
  GenericComponent.cpp
  LifeSystem.cpp
C:\vsdev\dukglue-master\include\dukglue\detail_primitive_types.h(46,1): message : This diagnostic occurred in the compiler generated function 'void dukglue::types::DukType<int64_t>::push(duk_context *,int64_t)'
C:\vsdev\dukglue-master\include\dukglue\detail_primitive_types.h(41,1): warning C4244: 'argument': conversion from 'uint64_t' to 'duk_double_t', possible loss of data
C:\vsdev\dukglue-master\include\dukglue\detail_primitive_types.h(41,1): message : This diagnostic occurred in the compiler generated function 'void dukglue::types::DukType<uint64_t>::push(duk_context *,uint64_t)'
C:\vsdev\dukglue-master\include\dukglue\detail_primitive_types.h(46,1): warning C4244: 'argument': conversion from 'int64_t' to 'duk_double_t', possible loss of data
  KillComponent.cpp
  NumberParameter.cpp
  PlayerInputComponent.cpp
  JumpComponent.cpp
C:\vsdev\dukglue-master\include\dukglue\detail_primitive_types.h(46,1): message : This diagnostic occurred in the compiler generated function 'void dukglue::types::DukType<int64_t>::push(duk_context *,int64_t)'
C:\vsdev\dukglue-master\include\dukglue\detail_primitive_types.h(41,1): warning C4244: 'argument': conversion from 'uint64_t' to 'duk_double_t', possible loss of data
C:\vsdev\dukglue-master\include\dukglue\detail_primitive_types.h(41,1): message : This diagnostic occurred in the compiler generated function 'void dukglue::types::DukType<uint64_t>::push(duk_context *,uint64_t)'
C:\vsdev\dukglue-master\include\dukglue\detail_primitive_types.h(46,1): warning C4244: 'argument': conversion from 'int64_t' to 'duk_double_t', possible loss of data
  MovementComponent.cpp
C:\vsdev\dukglue-master\include\dukglue\detail_primitive_types.h(46,1): message : This diagnostic occurred in the compiler generated function 'void dukglue::types::DukType<int64_t>::push(duk_context *,int64_t)'
C:\vsdev\dukglue-master\include\dukglue\detail_primitive_types.h(41,1): warning C4244: 'argument': conversion from 'uint64_t' to 'duk_double_t', possible loss of data
C:\vsdev\dukglue-master\include\dukglue\detail_primitive_types.h(41,1): message : This diagnostic occurred in the compiler generated function 'void dukglue::types::DukType<uint64_t>::push(duk_context *,uint64_t)'
C:\vsdev\dukglue-master\include\dukglue\detail_primitive_types.h(46,1): warning C4244: 'argument': conversion from 'int64_t' to 'duk_double_t', possible loss of data
  PatternComponent.cpp
C:\vsdev\dukglue-master\include\dukglue\detail_primitive_types.h(46,1): message : This diagnostic occurred in the compiler generated function 'void dukglue::types::DukType<int64_t>::push(duk_context *,int64_t)'
  PhysicsEngineSettings.cpp
  PlayerShip.cpp
C:\Users\Brendan\source\repos\Asteroids\AsteroidsServer\PatternComponent.cpp(53,23): warning C4018: '>=': signed/unsigned mismatch
  PlayerShipInputComponent.cpp
C:\Users\Brendan\source\repos\Asteroids\AsteroidsServer\PlayerShip.cpp(30,100): warning C4305: 'argument': truncation from 'double' to 'float'
C:\Users\Brendan\source\repos\Asteroids\AsteroidsServer\PlayerShipInputComponent.cpp(69,60): warning C4244: 'argument': conversion from 'double' to 'float', possible loss of data
C:\Users\Brendan\source\repos\Asteroids\AsteroidsServer\PlayerShipInputComponent.cpp(85,60): warning C4244: 'argument': conversion from 'double' to 'float', possible loss of data
C:\Users\Brendan\source\repos\Asteroids\AsteroidsServer\PlayerShipInputComponent.cpp(106,60): warning C4244: 'argument': conversion from 'double' to 'float', possible loss of data
  Laser.cpp
  ProjectileComponent.cpp
  Rect.cpp
  RectangleColliderComponent.cpp
  EntityManager.cpp
C:\Users\Brendan\source\repos\Asteroids\AsteroidsServer\PlayerShipInputComponent.cpp(122,60): warning C4244: 'argument': conversion from 'double' to 'float', possible loss of data
C:\Users\Brendan\source\repos\Asteroids\AsteroidsServer\EntityManager.cpp(294,76): warning C4244: 'argument': conversion from 'double' to 'float', possible loss of data
C:\Users\Brendan\source\repos\Asteroids\AsteroidsServer\EntityManager.cpp(294,72): warning C4244: 'argument': conversion from 'double' to 'float', possible loss of data
C:\Users\Brendan\source\repos\Asteroids\AsteroidsServer\EntityManager.cpp(340,5): warning C4244: 'argument': conversion from 'double' to 'float', possible loss of data
C:\Users\Brendan\source\repos\Asteroids\AsteroidsServer\EntityManager.cpp(339,5): warning C4244: 'argument': conversion from 'double' to 'float', possible loss of data
C:\Users\Brendan\source\repos\Asteroids\AsteroidsServer\EntityManager.cpp(367,60): warning C4244: 'argument': conversion from 'double' to 'float', possible loss of data
C:\Users\Brendan\source\repos\Asteroids\AsteroidsServer\EntityManager.cpp(367,56): warning C4244: 'argument': conversion from 'double' to 'float', possible loss of data
C:\Program Files (x86)\Microsoft Visual Studio\2019\Professional\VC\Tools\MSVC\14.23.28105\include\utility(127,16): warning C4244: 'initializing': conversion from '_Ty' to '_Ty1', possible loss of data
C:\Program Files (x86)\Microsoft Visual Studio\2019\Professional\VC\Tools\MSVC\14.23.28105\include\utility(127,16): warning C4244:         with
C:\Program Files (x86)\Microsoft Visual Studio\2019\Professional\VC\Tools\MSVC\14.23.28105\include\utility(127,16): warning C4244:         [
C:\Program Files (x86)\Microsoft Visual Studio\2019\Professional\VC\Tools\MSVC\14.23.28105\include\utility(127,16): warning C4244:             _Ty=int
C:\Program Files (x86)\Microsoft Visual Studio\2019\Professional\VC\Tools\MSVC\14.23.28105\include\utility(127,16): warning C4244:         ]
C:\Program Files (x86)\Microsoft Visual Studio\2019\Professional\VC\Tools\MSVC\14.23.28105\include\utility(127,16): warning C4244:         and
C:\Program Files (x86)\Microsoft Visual Studio\2019\Professional\VC\Tools\MSVC\14.23.28105\include\utility(127,16): warning C4244:         [
C:\Program Files (x86)\Microsoft Visual Studio\2019\Professional\VC\Tools\MSVC\14.23.28105\include\utility(127,16): warning C4244:             _Ty1=float
C:\Program Files (x86)\Microsoft Visual Studio\2019\Professional\VC\Tools\MSVC\14.23.28105\include\utility(127,16): warning C4244:         ]
C:\Program Files (x86)\Microsoft Visual Studio\2019\Professional\VC\Tools\MSVC\14.23.28105\include\xmemory(757): message : see reference to function template instantiation 'std::pair<float,float>::pair<_Ty,_Ty,0>(_Other1 &&,_Other2 &&) noexcept' being compiled
C:\Program Files (x86)\Microsoft Visual Studio\2019\Professional\VC\Tools\MSVC\14.23.28105\include\xmemory(757): message :         with
C:\Program Files (x86)\Microsoft Visual Studio\2019\Professional\VC\Tools\MSVC\14.23.28105\include\xmemory(757): message :         [
C:\Program Files (x86)\Microsoft Visual Studio\2019\Professional\VC\Tools\MSVC\14.23.28105\include\xmemory(757): message :             _Ty=int,
C:\Program Files (x86)\Microsoft Visual Studio\2019\Professional\VC\Tools\MSVC\14.23.28105\include\xmemory(757): message :             _Other1=int,
C:\Program Files (x86)\Microsoft Visual Studio\2019\Professional\VC\Tools\MSVC\14.23.28105\include\xmemory(757): message :             _Other2=int
C:\Program Files (x86)\Microsoft Visual Studio\2019\Professional\VC\Tools\MSVC\14.23.28105\include\xmemory(757): message :         ]
C:\Program Files (x86)\Microsoft Visual Studio\2019\Professional\VC\Tools\MSVC\14.23.28105\include\xmemory(758): message : see reference to function template instantiation 'std::pair<float,float>::pair<_Ty,_Ty,0>(_Other1 &&,_Other2 &&) noexcept' being compiled
C:\Program Files (x86)\Microsoft Visual Studio\2019\Professional\VC\Tools\MSVC\14.23.28105\include\xmemory(758): message :         with
C:\Program Files (x86)\Microsoft Visual Studio\2019\Professional\VC\Tools\MSVC\14.23.28105\include\xmemory(758): message :         [
C:\Program Files (x86)\Microsoft Visual Studio\2019\Professional\VC\Tools\MSVC\14.23.28105\include\xmemory(758): message :             _Ty=int,
C:\Program Files (x86)\Microsoft Visual Studio\2019\Professional\VC\Tools\MSVC\14.23.28105\include\xmemory(758): message :             _Other1=int,
C:\Program Files (x86)\Microsoft Visual Studio\2019\Professional\VC\Tools\MSVC\14.23.28105\include\xmemory(758): message :             _Other2=int
C:\Program Files (x86)\Microsoft Visual Studio\2019\Professional\VC\Tools\MSVC\14.23.28105\include\xmemory(758): message :         ]
C:\Program Files (x86)\Microsoft Visual Studio\2019\Professional\VC\Tools\MSVC\14.23.28105\include\vector(633): message : see reference to function template instantiation 'void std::_Default_allocator_traits<_Alloc>::construct<_Ty,int,int>(_Alloc &,_Objty *const ,int &&,int &&)' being compiled
C:\Program Files (x86)\Microsoft Visual Studio\2019\Professional\VC\Tools\MSVC\14.23.28105\include\vector(633): message :         with
C:\Program Files (x86)\Microsoft Visual Studio\2019\Professional\VC\Tools\MSVC\14.23.28105\include\vector(633): message :         [
C:\Program Files (x86)\Microsoft Visual Studio\2019\Professional\VC\Tools\MSVC\14.23.28105\include\vector(633): message :             _Alloc=std::allocator<std::pair<float,float>>,
C:\Program Files (x86)\Microsoft Visual Studio\2019\Professional\VC\Tools\MSVC\14.23.28105\include\vector(633): message :             _Ty=std::pair<float,float>,
C:\Program Files (x86)\Microsoft Visual Studio\2019\Professional\VC\Tools\MSVC\14.23.28105\include\vector(633): message :             _Objty=std::pair<float,float>
C:\Program Files (x86)\Microsoft Visual Studio\2019\Professional\VC\Tools\MSVC\14.23.28105\include\vector(633): message :         ]
C:\Program Files (x86)\Microsoft Visual Studio\2019\Professional\VC\Tools\MSVC\14.23.28105\include\vector(638): message : see reference to function template instantiation 'void std::_Default_allocator_traits<_Alloc>::construct<_Ty,int,int>(_Alloc &,_Objty *const ,int &&,int &&)' being compiled
C:\Program Files (x86)\Microsoft Visual Studio\2019\Professional\VC\Tools\MSVC\14.23.28105\include\vector(638): message :         with
C:\Program Files (x86)\Microsoft Visual Studio\2019\Professional\VC\Tools\MSVC\14.23.28105\include\vector(638): message :         [
C:\Program Files (x86)\Microsoft Visual Studio\2019\Professional\VC\Tools\MSVC\14.23.28105\include\vector(638): message :             _Alloc=std::allocator<std::pair<float,float>>,
C:\Program Files (x86)\Microsoft Visual Studio\2019\Professional\VC\Tools\MSVC\14.23.28105\include\vector(638): message :             _Ty=std::pair<float,float>,
C:\Program Files (x86)\Microsoft Visual Studio\2019\Professional\VC\Tools\MSVC\14.23.28105\include\vector(638): message :             _Objty=std::pair<float,float>
C:\Program Files (x86)\Microsoft Visual Studio\2019\Professional\VC\Tools\MSVC\14.23.28105\include\vector(638): message :         ]
C:\Program Files (x86)\Microsoft Visual Studio\2019\Professional\VC\Tools\MSVC\14.23.28105\include\vector(651): message : see reference to function template instantiation 'void std::vector<std::pair<float,float>,std::allocator<_Ty>>::_Emplace_back_with_unused_capacity<int,int>(int &&,int &&)' being compiled
C:\Program Files (x86)\Microsoft Visual Studio\2019\Professional\VC\Tools\MSVC\14.23.28105\include\vector(651): message :         with
C:\Program Files (x86)\Microsoft Visual Studio\2019\Professional\VC\Tools\MSVC\14.23.28105\include\vector(651): message :         [
C:\Program Files (x86)\Microsoft Visual Studio\2019\Professional\VC\Tools\MSVC\14.23.28105\include\vector(651): message :             _Ty=std::pair<float,float>
C:\Program Files (x86)\Microsoft Visual Studio\2019\Professional\VC\Tools\MSVC\14.23.28105\include\vector(651): message :         ]
C:\Users\Brendan\source\repos\Asteroids\AsteroidsServer\EntityManager.cpp(281): message : see reference to function template instantiation 'void std::vector<std::pair<float,float>,std::allocator<_Ty>>::emplace_back<int,int>(int &&,int &&)' being compiled
C:\Users\Brendan\source\repos\Asteroids\AsteroidsServer\EntityManager.cpp(281): message :         with
C:\Users\Brendan\source\repos\Asteroids\AsteroidsServer\EntityManager.cpp(281): message :         [
C:\Users\Brendan\source\repos\Asteroids\AsteroidsServer\EntityManager.cpp(281): message :             _Ty=std::pair<float,float>
C:\Users\Brendan\source\repos\Asteroids\AsteroidsServer\EntityManager.cpp(281): message :         ]
C:\Program Files (x86)\Microsoft Visual Studio\2019\Professional\VC\Tools\MSVC\14.23.28105\include\chrono(669): message : see reference to class template instantiation 'std::chrono::duration<double,std::ratio<1,1>>' being compiled
C:\Program Files (x86)\Microsoft Visual Studio\2019\Professional\VC\Tools\MSVC\14.23.28105\include\chrono(177): message : see reference to class template instantiation 'std::chrono::duration<__int64,std::nano>' being compiled
C:\Program Files (x86)\Microsoft Visual Studio\2019\Professional\VC\Tools\MSVC\14.23.28105\include\chrono(647): message : see reference to class template instantiation 'std::chrono::time_point<std::chrono::steady_clock,std::chrono::steady_clock::duration>' being compiled
C:\Program Files (x86)\Microsoft Visual Studio\2019\Professional\VC\Tools\MSVC\14.23.28105\include\utility(127,1): warning C4244: 'initializing': conversion from '_Ty' to '_Ty2', possible loss of data
C:\Program Files (x86)\Microsoft Visual Studio\2019\Professional\VC\Tools\MSVC\14.23.28105\include\utility(127,1): warning C4244:         with
C:\Program Files (x86)\Microsoft Visual Studio\2019\Professional\VC\Tools\MSVC\14.23.28105\include\utility(127,1): warning C4244:         [
C:\Program Files (x86)\Microsoft Visual Studio\2019\Professional\VC\Tools\MSVC\14.23.28105\include\utility(127,1): warning C4244:             _Ty=int
C:\Program Files (x86)\Microsoft Visual Studio\2019\Professional\VC\Tools\MSVC\14.23.28105\include\utility(127,1): warning C4244:         ]
C:\Program Files (x86)\Microsoft Visual Studio\2019\Professional\VC\Tools\MSVC\14.23.28105\include\utility(127,1): warning C4244:         and
C:\Program Files (x86)\Microsoft Visual Studio\2019\Professional\VC\Tools\MSVC\14.23.28105\include\utility(127,1): warning C4244:         [
C:\Program Files (x86)\Microsoft Visual Studio\2019\Professional\VC\Tools\MSVC\14.23.28105\include\utility(127,1): warning C4244:             _Ty2=float
C:\Program Files (x86)\Microsoft Visual Studio\2019\Professional\VC\Tools\MSVC\14.23.28105\include\utility(127,1): warning C4244:         ]
C:\Program Files (x86)\Microsoft Visual Studio\2019\Professional\VC\Tools\MSVC\14.23.28105\include\utility(127,1): warning C4244: 'initializing': conversion from 'const int' to '_Ty2', possible loss of data
C:\Program Files (x86)\Microsoft Visual Studio\2019\Professional\VC\Tools\MSVC\14.23.28105\include\utility(127,1): warning C4244:         with
C:\Program Files (x86)\Microsoft Visual Studio\2019\Professional\VC\Tools\MSVC\14.23.28105\include\utility(127,1): warning C4244:         [
C:\Program Files (x86)\Microsoft Visual Studio\2019\Professional\VC\Tools\MSVC\14.23.28105\include\utility(127,1): warning C4244:             _Ty2=float
C:\Program Files (x86)\Microsoft Visual Studio\2019\Professional\VC\Tools\MSVC\14.23.28105\include\utility(127,1): warning C4244:         ]
C:\Program Files (x86)\Microsoft Visual Studio\2019\Professional\VC\Tools\MSVC\14.23.28105\include\utility(127,16): warning C4244: 'initializing': conversion from 'const int' to '_Ty1', possible loss of data
C:\Program Files (x86)\Microsoft Visual Studio\2019\Professional\VC\Tools\MSVC\14.23.28105\include\utility(127,16): warning C4244:         with
C:\Program Files (x86)\Microsoft Visual Studio\2019\Professional\VC\Tools\MSVC\14.23.28105\include\utility(127,16): warning C4244:         [
C:\Program Files (x86)\Microsoft Visual Studio\2019\Professional\VC\Tools\MSVC\14.23.28105\include\utility(127,16): warning C4244:             _Ty1=float
C:\Program Files (x86)\Microsoft Visual Studio\2019\Professional\VC\Tools\MSVC\14.23.28105\include\utility(127,16): warning C4244:         ]
C:\Program Files (x86)\Microsoft Visual Studio\2019\Professional\VC\Tools\MSVC\14.23.28105\include\xmemory(757): message : see reference to function template instantiation 'std::pair<float,float>::pair<const int&,_Ty,0>(_Other1,_Other2 &&) noexcept' being compiled
C:\Program Files (x86)\Microsoft Visual Studio\2019\Professional\VC\Tools\MSVC\14.23.28105\include\xmemory(757): message :         with
C:\Program Files (x86)\Microsoft Visual Studio\2019\Professional\VC\Tools\MSVC\14.23.28105\include\xmemory(757): message :         [
C:\Program Files (x86)\Microsoft Visual Studio\2019\Professional\VC\Tools\MSVC\14.23.28105\include\xmemory(757): message :             _Ty=int,
C:\Program Files (x86)\Microsoft Visual Studio\2019\Professional\VC\Tools\MSVC\14.23.28105\include\xmemory(757): message :             _Other1=const int &,
C:\Program Files (x86)\Microsoft Visual Studio\2019\Professional\VC\Tools\MSVC\14.23.28105\include\xmemory(757): message :             _Other2=int
C:\Program Files (x86)\Microsoft Visual Studio\2019\Professional\VC\Tools\MSVC\14.23.28105\include\xmemory(757): message :         ]
C:\Program Files (x86)\Microsoft Visual Studio\2019\Professional\VC\Tools\MSVC\14.23.28105\include\xmemory(758): message : see reference to function template instantiation 'std::pair<float,float>::pair<const int&,_Ty,0>(_Other1,_Other2 &&) noexcept' being compiled
C:\Program Files (x86)\Microsoft Visual Studio\2019\Professional\VC\Tools\MSVC\14.23.28105\include\xmemory(758): message :         with
C:\Program Files (x86)\Microsoft Visual Studio\2019\Professional\VC\Tools\MSVC\14.23.28105\include\xmemory(758): message :         [
C:\Program Files (x86)\Microsoft Visual Studio\2019\Professional\VC\Tools\MSVC\14.23.28105\include\xmemory(758): message :             _Ty=int,
C:\Program Files (x86)\Microsoft Visual Studio\2019\Professional\VC\Tools\MSVC\14.23.28105\include\xmemory(758): message :             _Other1=const int &,
C:\Program Files (x86)\Microsoft Visual Studio\2019\Professional\VC\Tools\MSVC\14.23.28105\include\xmemory(758): message :             _Other2=int
C:\Program Files (x86)\Microsoft Visual Studio\2019\Professional\VC\Tools\MSVC\14.23.28105\include\xmemory(758): message :         ]
C:\Program Files (x86)\Microsoft Visual Studio\2019\Professional\VC\Tools\MSVC\14.23.28105\include\vector(633): message : see reference to function template instantiation 'void std::_Default_allocator_traits<_Alloc>::construct<_Ty,const int&,int>(_Alloc &,_Objty *const ,const int &,int &&)' being compiled
C:\Program Files (x86)\Microsoft Visual Studio\2019\Professional\VC\Tools\MSVC\14.23.28105\include\vector(633): message :         with
C:\Program Files (x86)\Microsoft Visual Studio\2019\Professional\VC\Tools\MSVC\14.23.28105\include\vector(633): message :         [
C:\Program Files (x86)\Microsoft Visual Studio\2019\Professional\VC\Tools\MSVC\14.23.28105\include\vector(633): message :             _Alloc=std::allocator<std::pair<float,float>>,
C:\Program Files (x86)\Microsoft Visual Studio\2019\Professional\VC\Tools\MSVC\14.23.28105\include\vector(633): message :             _Ty=std::pair<float,float>,
C:\Program Files (x86)\Microsoft Visual Studio\2019\Professional\VC\Tools\MSVC\14.23.28105\include\vector(633): message :             _Objty=std::pair<float,float>
C:\Program Files (x86)\Microsoft Visual Studio\2019\Professional\VC\Tools\MSVC\14.23.28105\include\vector(633): message :         ]
C:\Program Files (x86)\Microsoft Visual Studio\2019\Professional\VC\Tools\MSVC\14.23.28105\include\vector(638): message : see reference to function template instantiation 'void std::_Default_allocator_traits<_Alloc>::construct<_Ty,const int&,int>(_Alloc &,_Objty *const ,const int &,int &&)' being compiled
C:\Program Files (x86)\Microsoft Visual Studio\2019\Professional\VC\Tools\MSVC\14.23.28105\include\vector(638): message :         with
C:\Program Files (x86)\Microsoft Visual Studio\2019\Professional\VC\Tools\MSVC\14.23.28105\include\vector(638): message :         [
C:\Program Files (x86)\Microsoft Visual Studio\2019\Professional\VC\Tools\MSVC\14.23.28105\include\vector(638): message :             _Alloc=std::allocator<std::pair<float,float>>,
C:\Program Files (x86)\Microsoft Visual Studio\2019\Professional\VC\Tools\MSVC\14.23.28105\include\vector(638): message :             _Ty=std::pair<float,float>,
C:\Program Files (x86)\Microsoft Visual Studio\2019\Professional\VC\Tools\MSVC\14.23.28105\include\vector(638): message :             _Objty=std::pair<float,float>
C:\Program Files (x86)\Microsoft Visual Studio\2019\Professional\VC\Tools\MSVC\14.23.28105\include\vector(638): message :         ]
C:\Program Files (x86)\Microsoft Visual Studio\2019\Professional\VC\Tools\MSVC\14.23.28105\include\vector(651): message : see reference to function template instantiation 'void std::vector<std::pair<float,float>,std::allocator<_Ty>>::_Emplace_back_with_unused_capacity<const int&,int>(const int &,int &&)' being compiled
C:\Program Files (x86)\Microsoft Visual Studio\2019\Professional\VC\Tools\MSVC\14.23.28105\include\vector(651): message :         with
C:\Program Files (x86)\Microsoft Visual Studio\2019\Professional\VC\Tools\MSVC\14.23.28105\include\vector(651): message :         [
C:\Program Files (x86)\Microsoft Visual Studio\2019\Professional\VC\Tools\MSVC\14.23.28105\include\vector(651): message :             _Ty=std::pair<float,float>
C:\Program Files (x86)\Microsoft Visual Studio\2019\Professional\VC\Tools\MSVC\14.23.28105\include\vector(651): message :         ]
  Game.cpp
C:\Users\Brendan\source\repos\Asteroids\AsteroidsServer\EntityManager.cpp(283): message : see reference to function template instantiation 'void std::vector<std::pair<float,float>,std::allocator<_Ty>>::emplace_back<const int&,int>(const int &,int &&)' being compiled
C:\Users\Brendan\source\repos\Asteroids\AsteroidsServer\EntityManager.cpp(283): message :         with
C:\Users\Brendan\source\repos\Asteroids\AsteroidsServer\EntityManager.cpp(283): message :         [
C:\Users\Brendan\source\repos\Asteroids\AsteroidsServer\EntityManager.cpp(283): message :             _Ty=std::pair<float,float>
C:\Users\Brendan\source\repos\Asteroids\AsteroidsServer\EntityManager.cpp(283): message :         ]
C:\vsdev\dukglue-master\include\dukglue\detail_primitive_types.h(41,1): warning C4244: 'argument': conversion from 'uint64_t' to 'duk_double_t', possible loss of data
C:\vsdev\dukglue-master\include\dukglue\detail_primitive_types.h(41,1): message : This diagnostic occurred in the compiler generated function 'void dukglue::types::DukType<uint64_t>::push(duk_context *,uint64_t)'
C:\vsdev\dukglue-master\include\dukglue\detail_primitive_types.h(46,1): warning C4244: 'argument': conversion from 'int64_t' to 'duk_double_t', possible loss of data
C:\vsdev\dukglue-master\include\dukglue\detail_primitive_types.h(46,1): message : This diagnostic occurred in the compiler generated function 'void dukglue::types::DukType<int64_t>::push(duk_context *,int64_t)'
  GameObject.cpp
  Compiling...
  GameTime.cpp
C:\Users\Brendan\source\repos\Asteroids\AsteroidsServer\Game.cpp(67,16): warning C4244: 'initializing': conversion from 'double' to 'int', possible loss of data
  InputManager.cpp
  main.cpp
  Pattern.cpp
  PatternPlatform.cpp
  Player.cpp
  EngineRectangle.cpp
  Replay.cpp
  ReplaySystem.cpp
  ReplayTick.cpp
  RigidBodyComponent.cpp
  ScriptManager.cpp
C:\Users\Brendan\source\repos\Asteroids\AsteroidsServer\GameTime.cpp(55,19): warning C4244: 'return': conversion from 'float' to 'int', possible loss of data
C:\vsdev\dukglue-master\include\dukglue\detail_primitive_types.h(41,1): warning C4244: 'argument': conversion from 'uint64_t' to 'duk_double_t', possible loss of data
C:\vsdev\dukglue-master\include\dukglue\detail_primitive_types.h(41,1): message : This diagnostic occurred in the compiler generated function 'void dukglue::types::DukType<uint64_t>::push(duk_context *,uint64_t)'
C:\vsdev\dukglue-master\include\dukglue\detail_primitive_types.h(46,1): warning C4244: 'argument': conversion from 'int64_t' to 'duk_double_t', possible loss of data
  ScriptReturnValue.cpp
  ShootEvent.cpp
  SideBoundary.cpp
  SideBoundaryComponent.cpp
  SpawnableComponent.cpp
  SpawnComponent.cpp
  SpawnEvent.cpp
  SpawnSystem.cpp
C:\vsdev\dukglue-master\include\dukglue\detail_primitive_types.h(46,1): message : This diagnostic occurred in the compiler generated function 'void dukglue::types::DukType<int64_t>::push(duk_context *,int64_t)'
C:\vsdev\dukglue-master\include\dukglue\detail_primitive_types.h(41,1): warning C4244: 'argument': conversion from 'uint64_t' to 'duk_double_t', possible loss of data
C:\vsdev\dukglue-master\include\dukglue\detail_primitive_types.h(41,1): message : This diagnostic occurred in the compiler generated function 'void dukglue::types::DukType<uint64_t>::push(duk_context *,uint64_t)'
C:\vsdev\dukglue-master\include\dukglue\detail_primitive_types.h(46,1): warning C4244: 'argument': conversion from 'int64_t' to 'duk_double_t', possible loss of data
  Compiling...
  SpawnZone.cpp
  SplitComponent.cpp
  SplitEvent.cpp
  StartRecordingEvent.cpp
  StartReplayEvent.cpp
  StaticPlatform.cpp
  StopRecordingEvent.cpp
  StopReplayEvent.cpp
  StringParameter.cpp
  TextureComponent.cpp
  Timeline.cpp
  TransformComponent.cpp
C:\vsdev\dukglue-master\include\dukglue\detail_primitive_types.h(46,1): message : This diagnostic occurred in the compiler generated function 'void dukglue::types::DukType<int64_t>::push(duk_context *,int64_t)'
C:\vsdev\dukglue-master\include\dukglue\detail_primitive_types.h(41,1): warning C4244: 'argument': conversion from 'uint64_t' to 'duk_double_t', possible loss of data
C:\vsdev\dukglue-master\include\dukglue\detail_primitive_types.h(41,1): message : This diagnostic occurred in the compiler generated function 'void dukglue::types::DukType<uint64_t>::push(duk_context *,uint64_t)'
C:\vsdev\dukglue-master\include\dukglue\detail_primitive_types.h(46,1): warning C4244: 'argument': conversion from 'int64_t' to 'duk_double_t', possible loss of data
  TransformComponentParameter.cpp
C:\vsdev\dukglue-master\include\dukglue\detail_primitive_types.h(46,1): message : This diagnostic occurred in the compiler generated function 'void dukglue::types::DukType<int64_t>::push(duk_context *,int64_t)'
  duktape.c
  Generating code
  Previous IPDB not found, fall back to full compilation.
  All 3723 functions were compiled because no usable IPDB/IOBJ from previous compilation was found.
  Finished generating code
  AsteroidsServer.vcxproj -> C:\Users\Brendan\source\repos\Asteroids\Release\AsteroidsServer.exe
